<?xml version="1.0" encoding="UTF-8"?>
<!-- Generated by org.testng.reporters.JUnitReportReporter -->
<testsuite skipped="0" hostname="DESKTOP-2T8T0L9" name="week8day1.Reversewhitespacesmaintain" tests="1" failures="0" timestamp="14 Sep 2019 19:24:00 GMT" time="0.013" errors="0">
  <testcase name="reverse" time="0.013" classname="week8day1.Reversewhitespacesmaintain"/>
</testsuite> <!-- week8day1.Reversewhitespacesmaintain -->
