<?xml version="1.0" encoding="UTF-8"?>
<!-- Generated by org.testng.reporters.JUnitReportReporter -->
<testsuite skipped="0" hostname="DESKTOP-2T8T0L9" name="week8day1.CountUppercase" tests="1" failures="0" timestamp="14 Sep 2019 13:04:31 GMT" time="0.014" errors="0">
  <testcase name="way1" time="0.014" classname="week8day1.CountUppercase"/>
</testsuite> <!-- week8day1.CountUppercase -->
