<?xml version="1.0" encoding="UTF-8"?>
<!-- Generated by org.testng.reporters.JUnitReportReporter -->
<testsuite skipped="0" hostname="DESKTOP-2T8T0L9" name="project.CreateLead" tests="2" failures="0" timestamp="29 Aug 2019 20:58:57 GMT" time="36.755" errors="0">
  <testcase name="runcreatelead" time="18.391" classname="project.CreateLead"/>
  <testcase name="runcreatelead" time="18.364" classname="project.CreateLead"/>
</testsuite> <!-- project.CreateLead -->
