<?xml version="1.0" encoding="UTF-8"?>
<!-- Generated by org.testng.reporters.JUnitReportReporter -->
<testsuite skipped="0" hostname="DESKTOP-2T8T0L9" name="project.DeleteLead" tests="1" failures="0" timestamp="25 Aug 2019 05:17:47 GMT" time="28.607" errors="0">
  <testcase name="runDeletelead" time="28.607" classname="project.DeleteLead"/>
</testsuite> <!-- project.DeleteLead -->
