<?xml version="1.0" encoding="UTF-8"?>
<!-- Generated by org.testng.reporters.JUnitReportReporter -->
<testsuite skipped="0" hostname="DESKTOP-2T8T0L9" name="project.Zoomcar" tests="1" failures="0" timestamp="24 Aug 2019 20:07:55 GMT" time="20.620" errors="0">
  <testcase name="runzoomcar" time="20.620" classname="project.Zoomcar"/>
</testsuite> <!-- project.Zoomcar -->
