<?xml version="1.0" encoding="UTF-8"?>
<!-- Generated by org.testng.reporters.JUnitReportReporter -->
<testsuite skipped="0" hostname="DESKTOP-2T8T0L9" name="testng.Createlead" tests="2" failures="0" timestamp="01 Sep 2019 06:39:20 GMT" time="40.022" errors="0">
  <testcase name="runCreateLead" time="25.174" classname="testng.Createlead"/>
  <testcase name="runCreateLead" time="14.848" classname="testng.Createlead"/>
</testsuite> <!-- testng.Createlead -->
